<?xml version="1.0" encoding="UTF-8"?>
<!-- Generated by org.testng.reporters.JUnitXMLReporter -->
<testsuite hostname="Intel-PC" ignored="0" name="Test" tests="2" failures="1" timestamp="09 Dec 2017 08:27:02 GMT" time="68.978" errors="0">
  <testcase name="validLogin" time="6.014" classname="scripts.TestValidLogin">
    <failure type="java.lang.AssertionError" message="The following asserts failed:
	expected [actiTIME - Enter Time-Track] but found [actiTIME - Login]">
      <![CDATA[java.lang.AssertionError: The following asserts failed:
	expected [actiTIME - Enter Time-Track] but found [actiTIME - Login]
	at scripts.TestValidLogin.validLogin(TestValidLogin.java:28)
... Removed 26 stack frames]]>
    </failure>
  </testcase> <!-- validLogin -->
  <testcase name="testInvalidLogin" time="12.635" classname="scripts.TestInvalidLogin"/>
</testsuite> <!-- Test -->
